<?xml version="1.0" encoding="UTF-8"?>
<!-- Generated by org.testng.reporters.JUnitReportReporter -->
<testsuite hostname="LTIN518583" failures="0" tests="5" name="tests.UsedCarsTest" time="17.197" errors="0" timestamp="2026-07-14T09:07:20 IST" skipped="0">
  <testcase classname="tests.UsedCarsTest" name="navToUsedCarsPage" time="4.397"/>
  <testcase classname="tests.UsedCarsTest" name="getCarList" time="8.863"/>
  <testcase classname="tests.UsedCarsTest" name="selectLocation" time="0.312"/>
  <testcase classname="tests.UsedCarsTest" name="selectAllModels" time="3.593"/>
  <testcase classname="tests.UsedCarsTest" name="scrollToPopularModels" time="0.032"/>
</testsuite> <!-- tests.UsedCarsTest -->
