<?xml version="1.0" encoding="UTF-8"?>
<!-- Generated by org.testng.reporters.JUnitReportReporter -->
<testsuite hostname="LTIN518583" failures="0" tests="6" name="tests.LoginTest" time="6.569" errors="0" timestamp="2026-07-14T09:05:43 IST" skipped="0">
  <testcase classname="tests.LoginTest" name="switchToGoogleWindow" time="3.131"/>
  <testcase classname="tests.LoginTest" name="checkWindowHeading" time="0.265"/>
  <testcase classname="tests.LoginTest" name="clickGoogleBtn" time="0.419"/>
  <testcase classname="tests.LoginTest" name="clickNextBtn" time="0.642"/>
  <testcase classname="tests.LoginTest" name="clickLoginIcon" time="0.527"/>
  <testcase classname="tests.LoginTest" name="takeScreenShot" time="1.585"/>
</testsuite> <!-- tests.LoginTest -->
