<?xml version="1.0" encoding="UTF-8"?>
<!-- Generated by org.testng.reporters.JUnitReportReporter -->
<testsuite hostname="LTIN518583" failures="0" tests="5" name="tests.NewBikeTest" time="10.847" errors="0" timestamp="2026-07-14T09:05:43 IST" skipped="0">
  <testcase classname="tests.NewBikeTest" name="selectFilter" time="2.724"/>
  <testcase classname="tests.NewBikeTest" name="getBikeListUnder5Lakhs" time="0.083"/>
  <testcase classname="tests.NewBikeTest" name="clickUpComingBikes" time="2.617"/>
  <testcase classname="tests.NewBikeTest" name="printBikeList" time="2.548"/>
  <testcase classname="tests.NewBikeTest" name="clickBrandName" time="2.875"/>
</testsuite> <!-- tests.NewBikeTest -->
