<?xml version="1.0" encoding="UTF-8"?>
<!-- Generated by org.testng.reporters.JUnitXMLReporter -->
<testsuite ignored="0" hostname="LTIN518583" failures="1" tests="16" name="Edge Tests" time="78.622" errors="0" timestamp="2026-07-11T11:11:15 IST">
  <testcase classname="tests.NewBikeTest" name="clickUpComingBikes" time="3.571"/>
  <testcase classname="tests.NewBikeTest" name="clickBrandName" time="3.757"/>
  <testcase classname="tests.NewBikeTest" name="selectFilter" time="3.027"/>
  <testcase classname="tests.NewBikeTest" name="getBikeListUnder5Lakhs" time="0.112"/>
  <testcase classname="tests.NewBikeTest" name="printBikeList" time="1.054"/>
  <testcase classname="tests.UsedCarsTest" name="navToUsedCarsPage" time="4.873"/>
  <testcase classname="tests.UsedCarsTest" name="selectLocation" time="0.509"/>
  <testcase classname="tests.UsedCarsTest" name="scrollToPopularModels" time="0.079"/>
  <testcase classname="tests.UsedCarsTest" name="selectAllModels" time="4.236"/>
  <testcase classname="tests.UsedCarsTest" name="getCarList" time="3.241">
    <failure type="org.openqa.selenium.StaleElementReferenceException" message="stale element reference: stale element not found in the current frame
  (Session info: MicrosoftEdge=150.0.4078.65)
For documentation on this error, please visit: https://www.selenium.dev/documentation/webdriver/troubleshooting/errors#staleelementreferenceexception
Build info: version: &amp;apos;4.44.0&amp;apos;, revision: &amp;apos;da2039b&amp;apos;
System info: os.name: &amp;apos;Windows 11&amp;apos;, os.arch: &amp;apos;amd64&amp;apos;, os.version: &amp;apos;10.0&amp;apos;, java.version: &amp;apos;21&amp;apos;
Driver info: org.openqa.selenium.edge.EdgeDriver
Command: [e1faa34e1fa7d9db50201057e5d83005, executeScript {args=[{element-6066-11e4-a52e-4f735466cecf=f.6EF2429AB38B948660A99EA35FB65765.d.C8B2DB6536670F99C12E824F207069A3.e.476}], script=arguments[0].scrollIntoView(true);}]
Capabilities {acceptInsecureCerts: false, browserName: MicrosoftEdge, browserVersion: 150.0.4078.65, fedcm:accounts: true, goog:processID: 9904, ms:edgeOptions: {debuggerAddress: localhost:59222}, msedge: {msedgedriverVersion: 150.0.4078.65 (7e26d29c1de8..., userDataDir: C:\Users\2497729\AppData\Lo...}, networkConnectionEnabled: false, pageLoadStrategy: normal, platformName: windows, proxy: Proxy(), se:cdp: ws://localhost:59222/devtoo..., se:cdpVersion: 150.0.4078.65, setWindowRect: true, strictFileInteractability: false, timeouts: {implicit: 0, pageLoad: 300000, script: 30000}, unhandledPromptBehavior: dismiss and notify, webauthn:extension:credBlob: true, webauthn:extension:largeBlob: true, webauthn:extension:minPinLength: true, webauthn:extension:prf: true, webauthn:virtualAuthenticators: true}
Session ID: e1faa34e1fa7d9db50201057e5d83005">
      <![CDATA[org.openqa.selenium.StaleElementReferenceException: stale element reference: stale element not found in the current frame
  (Session info: MicrosoftEdge=150.0.4078.65)
For documentation on this error, please visit: https://www.selenium.dev/documentation/webdriver/troubleshooting/errors#staleelementreferenceexception
Build info: version: '4.44.0', revision: 'da2039b'
System info: os.name: 'Windows 11', os.arch: 'amd64', os.version: '10.0', java.version: '21'
Driver info: org.openqa.selenium.edge.EdgeDriver
Command: [e1faa34e1fa7d9db50201057e5d83005, executeScript {args=[{element-6066-11e4-a52e-4f735466cecf=f.6EF2429AB38B948660A99EA35FB65765.d.C8B2DB6536670F99C12E824F207069A3.e.476}], script=arguments[0].scrollIntoView(true);}]
Capabilities {acceptInsecureCerts: false, browserName: MicrosoftEdge, browserVersion: 150.0.4078.65, fedcm:accounts: true, goog:processID: 9904, ms:edgeOptions: {debuggerAddress: localhost:59222}, msedge: {msedgedriverVersion: 150.0.4078.65 (7e26d29c1de8..., userDataDir: C:\Users\2497729\AppData\Lo...}, networkConnectionEnabled: false, pageLoadStrategy: normal, platformName: windows, proxy: Proxy(), se:cdp: ws://localhost:59222/devtoo..., se:cdpVersion: 150.0.4078.65, setWindowRect: true, strictFileInteractability: false, timeouts: {implicit: 0, pageLoad: 300000, script: 30000}, unhandledPromptBehavior: dismiss and notify, webauthn:extension:credBlob: true, webauthn:extension:largeBlob: true, webauthn:extension:minPinLength: true, webauthn:extension:prf: true, webauthn:virtualAuthenticators: true}
Session ID: e1faa34e1fa7d9db50201057e5d83005
at org.openqa.selenium.remote.ErrorCodec.decode(ErrorCodec.java:169)
at org.openqa.selenium.remote.codec.w3c.W3CHttpResponseCodec.decode(W3CHttpResponseCodec.java:143)
at org.openqa.selenium.remote.codec.w3c.W3CHttpResponseCodec.decode(W3CHttpResponseCodec.java:50)
at org.openqa.selenium.remote.HttpCommandExecutor.execute(HttpCommandExecutor.java:224)
at org.openqa.selenium.remote.service.DriverCommandExecutor.invokeExecute(DriverCommandExecutor.java:217)
at org.openqa.selenium.remote.service.DriverCommandExecutor.execute(DriverCommandExecutor.java:175)
at org.openqa.selenium.remote.RemoteWebDriver.execute(RemoteWebDriver.java:600)
at org.openqa.selenium.remote.RemoteWebDriver.executeScript(RemoteWebDriver.java:529)
at pages.UsedCarsPage.getCarList(UsedCarsPage.java:87)
at tests.UsedCarsTest.getCarList(UsedCarsTest.java:40)
at java.base/java.util.ArrayList.forEach(ArrayList.java:1596)
... Removed 25 stack frames]]>
    </failure>
  </testcase> <!-- getCarList -->
  <testcase classname="tests.LoginTest" name="clickLoginIcon" time="1.949"/>
  <testcase classname="tests.LoginTest" name="clickGoogleBtn" time="0.488"/>
  <testcase classname="tests.LoginTest" name="switchToGoogleWindow" time="3.554"/>
  <testcase classname="tests.LoginTest" name="checkWindowHeading" time="0.227"/>
  <testcase classname="tests.LoginTest" name="clickNextBtn" time="0.734"/>
  <testcase classname="tests.LoginTest" name="takeScreenShot" time="0.552"/>
</testsuite> <!-- Edge Tests -->
