<?xml version="1.0" encoding="UTF-8"?>
<testng-results ignored="0" total="5" passed="5" failed="0" skipped="0">
  <reporter-output>
  </reporter-output>
  <suite started-at="2026-07-14T09:06:45 IST" name="ZigWheels Suite" finished-at="2026-07-14T09:07:20 IST" duration-ms="35109">
    <groups>
    </groups>
    <test started-at="2026-07-14T09:06:45 IST" name="Chrome Tests" finished-at="2026-07-14T09:07:20 IST" duration-ms="35109">
      <class name="tests.UsedCarsTest">
        <test-method is-config="true" signature="setup(java.lang.String)[pri:0, instance:tests.UsedCarsTest@49c90a9c]" started-at="2026-07-14T09:06:45 IST" name="setup" finished-at="2026-07-14T09:06:55 IST" duration-ms="9874" status="PASS">
          <params>
            <param index="0">
              <value>
                <![CDATA[chrome]]>
              </value>
            </param>
          </params>
          <reporter-output>
          </reporter-output>
        </test-method> <!-- setup -->
        <test-method signature="navToUsedCarsPage()[pri:0, instance:tests.UsedCarsTest@49c90a9c]" started-at="2026-07-14T09:06:55 IST" name="navToUsedCarsPage" finished-at="2026-07-14T09:06:59 IST" duration-ms="4397" status="PASS">
          <reporter-output>
          </reporter-output>
        </test-method> <!-- navToUsedCarsPage -->
        <test-method signature="selectLocation()[pri:0, instance:tests.UsedCarsTest@49c90a9c]" started-at="2026-07-14T09:06:59 IST" name="selectLocation" finished-at="2026-07-14T09:06:59 IST" depends-on-methods="tests.UsedCarsTest.navToUsedCarsPage" duration-ms="312" status="PASS">
          <reporter-output>
          </reporter-output>
        </test-method> <!-- selectLocation -->
        <test-method signature="scrollToPopularModels()[pri:0, instance:tests.UsedCarsTest@49c90a9c]" started-at="2026-07-14T09:06:59 IST" name="scrollToPopularModels" finished-at="2026-07-14T09:06:59 IST" depends-on-methods="tests.UsedCarsTest.selectLocation" duration-ms="32" status="PASS">
          <reporter-output>
          </reporter-output>
        </test-method> <!-- scrollToPopularModels -->
        <test-method signature="selectAllModels()[pri:0, instance:tests.UsedCarsTest@49c90a9c]" started-at="2026-07-14T09:06:59 IST" name="selectAllModels" finished-at="2026-07-14T09:07:03 IST" depends-on-methods="tests.UsedCarsTest.scrollToPopularModels" duration-ms="3593" status="PASS">
          <reporter-output>
          </reporter-output>
        </test-method> <!-- selectAllModels -->
        <test-method signature="getCarList()[pri:0, instance:tests.UsedCarsTest@49c90a9c]" started-at="2026-07-14T09:07:03 IST" name="getCarList" finished-at="2026-07-14T09:07:12 IST" depends-on-methods="tests.UsedCarsTest.selectAllModels" duration-ms="8863" status="PASS">
          <reporter-output>
          </reporter-output>
        </test-method> <!-- getCarList -->
        <test-method is-config="true" signature="closeBrowser()[pri:0, instance:tests.UsedCarsTest@49c90a9c]" started-at="2026-07-14T09:07:12 IST" name="closeBrowser" finished-at="2026-07-14T09:07:20 IST" duration-ms="7895" status="PASS">
          <reporter-output>
          </reporter-output>
        </test-method> <!-- closeBrowser -->
      </class> <!-- tests.UsedCarsTest -->
    </test> <!-- Chrome Tests -->
  </suite> <!-- ZigWheels Suite -->
</testng-results>
